[32m[21-08-13 09:42:26:607][ä¿¡æ¯] æ—¥å¿— >  åŠ è½½  âœ”[39m
[32m	æ—¥å¿—è·¯å¾„[37m[E:\Project\lol-vo-extract-pure\log][39m[32m[39m
[32m[21-08-13 09:42:26:616][ä¿¡æ¯] Entry >  Detect Info  Champion [4m[1mevelynn|24[22m[24m ID [4m[1mundefined[22m[24m Language [4m[1mzh_cn[22m[24m[39m
[32m[21-08-13 09:42:26:617][ä¿¡æ¯] Entry >  Detect Info  Region [4m[1mPBE1[22m[24m Solution [4m[1mgame[22m[24m[39m
[32m[21-08-13 09:42:26:618][ä¿¡æ¯] Entry >  Detect Info  CDN [4m[1mhttps://lol.secure.dyn.riotcdn.net[22m[24m Sie [4m[1mhttps://sieve.services.riotcdn.net[22m[24m[39m
[32m[21-08-13 10:32:28:324][ä¿¡æ¯] æ—¥å¿— >  åŠ è½½  âœ”[39m
[32m	æ—¥å¿—è·¯å¾„[37m[E:\Project\lol-vo-extract-pure\log][39m[32m[39m
[32m[21-08-13 10:32:28:332][ä¿¡æ¯] Entry >  Detect info  Language [4m[1mzh_cn[22m[24m Region [4m[1mPBE1[22m[24m Solution [4m[1mgame[22m[24m[39m
[32m[21-08-13 10:32:28:333][ä¿¡æ¯] Entry >  Detect info  CDN [4m[1mhttps://lol.secure.dyn.riotcdn.net[22m[24m Sie [4m[1mhttps://sieve.services.riotcdn.net[22m[24m[39m
[32m[21-08-13 10:32:28:334][ä¿¡æ¯] Entry >  Detect info  slot [4m[1mEvelynn[22m[24m id [4m[1m28[22m[24m name [4m[1mä¼ŠèŠ™ç³[22m[24m[39m
[31m[21-08-13 10:32:41:976][é”™è¯¯] Entry >  Detect info  Cannot read property '24' of undefined[39m
[32m[21-08-13 11:08:41:740][ä¿¡æ¯] æ—¥å¿— >  åŠ è½½  âœ”[39m
[32m	æ—¥å¿—è·¯å¾„[37m[E:\Project\lol-vo-extract-pure\log][39m[32m[39m
[32m[21-08-13 11:08:41:749][ä¿¡æ¯] Entry >  Detect info  Language [4m[1mzh_cn[22m[24m Region [4m[1mPBE1[22m[24m Solution [4m[1mgame[22m[24m[39m
[32m[21-08-13 11:08:41:750][ä¿¡æ¯] Entry >  Detect info  CDN [4m[1mhttps://lol.secure.dyn.riotcdn.net[22m[24m Sie [4m[1mhttps://sieve.services.riotcdn.net[22m[24m[39m
[32m[21-08-13 11:08:41:751][ä¿¡æ¯] Entry >  Detect info  slot [4m[1mEvelynn[22m[24m id [4m[1m28[22m[24m name [4m[1mä¼ŠèŠ™ç³[22m[24m[39m
[32m[21-08-13 11:08:41:752][ä¿¡æ¯] Entry >  Detect info  skin id [4m[1m24[22m[24m name [4m[1mé­”å¥³ ä¼ŠèŠ™ç³[22m[24m[39m
[32m[21-08-13 11:09:13:835][ä¿¡æ¯] æ—¥å¿— >  åŠ è½½  âœ”[39m
[32m	æ—¥å¿—è·¯å¾„[37m[E:\Project\lol-vo-extract-pure\log][39m[32m[39m
[32m[21-08-13 11:09:13:843][ä¿¡æ¯] Entry >  Detect info  Language [4m[1mzh_cn[22m[24m Region [4m[1mPBE1[22m[24m Solution [4m[1mgame[22m[24m[39m
[32m[21-08-13 11:09:13:844][ä¿¡æ¯] Entry >  Detect info  CDN [4m[1mhttps://lol.secure.dyn.riotcdn.net[22m[24m Sie [4m[1mhttps://sieve.services.riotcdn.net[22m[24m[39m
[32m[21-08-13 11:09:13:845][ä¿¡æ¯] Entry >  Detect info  slot [4m[1mEvelynn[22m[24m id [4m[1m28[22m[24m name [4m[1mä¼ŠèŠ™ç³[22m[24m[39m
[32m[21-08-13 11:09:13:846][ä¿¡æ¯] Entry >  Detect info  skin id [4m[1m24[22m[24m name [4m[1mé­”å¥³ ä¼ŠèŠ™ç³[22m[24m[39m
[32m[21-08-13 11:10:21:610][ä¿¡æ¯] æ—¥å¿— >  åŠ è½½  âœ”[39m
[32m	æ—¥å¿—è·¯å¾„[37m[E:\Project\lol-vo-extract-pure\log][39m[32m[39m
[32m[21-08-13 11:10:21:620][ä¿¡æ¯] Entry >  Detect info  slot [4m[1mEvelynn[22m[24m id [4m[1m28[22m[24m name [4m[1mä¼ŠèŠ™ç³[22m[24m[39m
[32m[21-08-13 11:10:21:622][ä¿¡æ¯] Entry >  Detect info  skin id [4m[1m24[22m[24m name [4m[1mé­”å¥³ ä¼ŠèŠ™ç³[22m[24m[39m
[32m[21-08-13 11:10:27:805][ä¿¡æ¯] æ—¥å¿— >  åŠ è½½  âœ”[39m
[32m	æ—¥å¿—è·¯å¾„[37m[E:\Project\lol-vo-extract-pure\log][39m[32m[39m
[32m[21-08-13 11:10:27:813][ä¿¡æ¯] Entry >  Detect info  slot [4m[1mEvelynn[22m[24m id [4m[1m28[22m[24m name [4m[1mä¼ŠèŠ™ç³[22m[24m[39m
[32m[21-08-13 11:10:27:814][ä¿¡æ¯] Entry >  Detect info  skin id [4m[1m24[22m[24m name [4m[1mé­”å¥³ ä¼ŠèŠ™ç³[22m[24m[39m
[32m[21-08-13 16:37:26:714][ä¿¡æ¯] æ—¥å¿— >  åŠ è½½  âœ”[39m
[32m	æ—¥å¿—è·¯å¾„[37m[E:\Project\lol-vo-extract-pure\log][39m[32m[39m
[32m[21-08-13 16:37:26:725][ä¿¡æ¯] Global >  detect  language [4m[1mzh_cn[22m[24m region [4m[1mundefined[22m[24m solution [4m[1mundefined[22m[24m[39m
[32m[21-08-13 16:37:26:727][ä¿¡æ¯] Global >  detect  cdn [4m[1mundefined[22m[24m sie [4m[1mundefined[22m[24m[39m
[32m[21-08-13 16:37:26:728][ä¿¡æ¯] Global >  detect  slot [4m[1mEvelynn[22m[24m id [4m[1m28[22m[24m name [4m[1mä¼ŠèŠ™ç³[22m[24m[39m
[32m[21-08-13 16:37:26:729][ä¿¡æ¯] Global >  detect  skin id [4m[1m24[22m[24m name [4m[1mé­”å¥³ ä¼ŠèŠ™ç³[22m[24m[39m
[32m[21-08-13 16:37:26:731][ä¿¡æ¯] FetchIniter >  init the list of wads that need to be fetched  âœ”[39m
[32m[21-08-13 16:37:26:945][ä¿¡æ¯] EntryFetcher >  fetch from [4m[1mhttps://sieve.services.riotcdn.net/api/v1/products/lol/version-sets/PBE1?q[artifact_type_id[22m[24m=lol-game-client&q[4m[1mplatform[22m[24m=windows][39m
[32m[21-08-13 16:39:39:226][ä¿¡æ¯] æ—¥å¿— >  åŠ è½½  âœ”[39m
[32m	æ—¥å¿—è·¯å¾„[37m[E:\Project\lol-vo-extract-pure\log][39m[32m[39m
[32m[21-08-13 16:39:39:234][ä¿¡æ¯] Global >  detect  language [4m[1mzh_cn[22m[24m[39m
[32m[21-08-13 16:39:39:236][ä¿¡æ¯] Global >  detect  cdn [4m[1mhttps://lol.secure.dyn.riotcdn.net[22m[24m sie [4m[1mhttps://sieve.services.riotcdn.net[22m[24m region [4m[1mPBE1[22m[24m solution [4m[1mgame[22m[24m[39m
[32m[21-08-13 16:39:39:237][ä¿¡æ¯] Global >  detect  slot [4m[1mEvelynn[22m[24m id [4m[1m28[22m[24m name [4m[1mä¼ŠèŠ™ç³[22m[24m[39m
[32m[21-08-13 16:39:39:238][ä¿¡æ¯] Global >  detect  skin id [4m[1m24[22m[24m name [4m[1mé­”å¥³ ä¼ŠèŠ™ç³[22m[24m[39m
[32m[21-08-13 16:39:39:240][ä¿¡æ¯] FetchIniter >  init the list of wads that need to be fetched  âœ”[39m
[32m[21-08-13 16:39:39:275][ä¿¡æ¯] EntryFetcher >  fetch from [4m[1mhttps://sieve.services.riotcdn.net/api/v1/products/lol/version-sets/PBE1?q[artifact_type_id[22m[24m=lol-game-client&q[4m[1mplatform[22m[24m=windows][39m
[32m[21-08-13 16:39:40:243][ä¿¡æ¯] EntryFetcher >  latest [4m[1mbeta[22m[24m version [4m[1m3916860[22m[24m[39m
[32m[21-08-13 16:39:58:400][ä¿¡æ¯] æ—¥å¿— >  åŠ è½½  âœ”[39m
[32m	æ—¥å¿—è·¯å¾„[37m[E:\Project\lol-vo-extract-pure\log][39m[32m[39m
[32m[21-08-13 16:39:58:407][ä¿¡æ¯] Global >  detect  language [4m[1mzh_cn[22m[24m[39m
[32m[21-08-13 16:39:58:408][ä¿¡æ¯] Global >  detect  cdn [4m[1mhttps://lol.secure.dyn.riotcdn.net[22m[24m sie [4m[1mhttps://sieve.services.riotcdn.net[22m[24m region [4m[1mPBE1[22m[24m solution [4m[1mgame[22m[24m[39m
[32m[21-08-13 16:39:58:409][ä¿¡æ¯] Global >  detect  slot [4m[1mEvelynn[22m[24m id [4m[1m28[22m[24m name [4m[1mä¼ŠèŠ™ç³[22m[24m[39m
[32m[21-08-13 16:39:58:410][ä¿¡æ¯] Global >  detect  skin id [4m[1m24[22m[24m name [4m[1mé­”å¥³ ä¼ŠèŠ™ç³[22m[24m[39m
[32m[21-08-13 16:39:58:411][ä¿¡æ¯] FetchIniter >  init the list of wads that need to be fetched  âœ”[39m
[32m[21-08-13 16:39:58:440][ä¿¡æ¯] EntryFetcher >  fetch from [4m[1mhttps://sieve.services.riotcdn.net/api/v1/products/lol/version-sets/PBE1?q[artifact_type_id[22m[24m=lol-game-client&q[4m[1mplatform[22m[24m=windows][39m
[32m[21-08-13 16:39:59:035][ä¿¡æ¯] EntryFetcher >  latest [4m[1mbeta[22m[24m version [4m[1m3916860[22m[24m[39m
[32m[21-08-13 16:42:12:618][ä¿¡æ¯] æ—¥å¿— >  åŠ è½½  âœ”[39m
[32m	æ—¥å¿—è·¯å¾„[37m[E:\Project\lol-vo-extract-pure\log][39m[32m[39m
[32m[21-08-13 16:42:12:626][ä¿¡æ¯] Global >  detect  language [4m[1mzh_cn[22m[24m[39m
[32m[21-08-13 16:42:12:627][ä¿¡æ¯] Global >  detect  cdn [4m[1mhttps://lol.secure.dyn.riotcdn.net[22m[24m sie [4m[1mhttps://sieve.services.riotcdn.net[22m[24m region [4m[1mPBE1[22m[24m solution [4m[1mgame[22m[24m[39m
[32m[21-08-13 16:42:12:628][ä¿¡æ¯] Global >  detect  slot [4m[1mEvelynn[22m[24m id [4m[1m28[22m[24m name [4m[1mä¼ŠèŠ™ç³[22m[24m[39m
[32m[21-08-13 16:42:12:629][ä¿¡æ¯] Global >  detect  skin id [4m[1m24[22m[24m name [4m[1mé­”å¥³ ä¼ŠèŠ™ç³[22m[24m[39m
[32m[21-08-13 16:42:12:630][ä¿¡æ¯] FetchIniter >  init  âœ”[39m
[32m[21-08-13 16:42:12:668][ä¿¡æ¯] EntryFetcher >  fetch from https://sieve.services.riotcdn.net/api/v1/products/lol/version-sets/PBE1?q[4m[1martifact_type_id[22m[24m=lol-game-client&q[4m[1mplatform[22m[24m=windows[39m
[32m[21-08-13 16:42:13:347][ä¿¡æ¯] EntryFetcher >  latest [4m[1mbeta[22m[24m version [4m[1m3916860[22m[24m[39m
[32m[21-08-13 16:42:40:746][ä¿¡æ¯] æ—¥å¿— >  åŠ è½½  âœ”[39m
[32m	æ—¥å¿—è·¯å¾„[37m[E:\Project\lol-vo-extract-pure\log][39m[32m[39m
[32m[21-08-13 16:42:40:754][ä¿¡æ¯] Global >  detect  language [4m[1mzh_cn[22m[24m[39m
[32m[21-08-13 16:42:40:755][ä¿¡æ¯] Global >  detect  cdn [4m[1mhttps://lol.secure.dyn.riotcdn.net[22m[24m sie [4m[1mhttps://sieve.services.riotcdn.net[22m[24m region [4m[1mPBE1[22m[24m solution [4m[1mgame[22m[24m[39m
[32m[21-08-13 16:42:40:756][ä¿¡æ¯] Global >  detect  slot [4m[1mEvelynn[22m[24m id [4m[1m28[22m[24m name [4m[1mä¼ŠèŠ™ç³[22m[24m[39m
[32m[21-08-13 16:42:40:756][ä¿¡æ¯] Global >  detect  skin id [4m[1m24[22m[24m name [4m[1mé­”å¥³ ä¼ŠèŠ™ç³[22m[24m[39m
[32m[21-08-13 16:42:40:758][ä¿¡æ¯] FetchIniter >  init  âœ”[39m
[32m[21-08-13 16:42:40:791][ä¿¡æ¯] EntryFetcher >  fetching[39m
[32m[21-08-13 16:42:41:343][ä¿¡æ¯] EntryFetcher >  latest [4m[1mbeta[22m[24m version [4m[1m3916860[22m[24m[39m
